
 
****************************************
Report : timing
        -path full
        -delay max
        -max_paths 1
Design : LBP
Version: W-2024.09-SP2
Date   : Tue Mar 25 14:30:37 2025
****************************************

Operating Conditions: slow   Library: slow
Wire Load Model Mode: top

  Startpoint: gray_ready (input port clocked by clk)
  Endpoint: x_reg[1] (rising edge-triggered flip-flop clocked by clk)
  Path Group: clk
  Path Type: max

  Des/Clust/Port     Wire Load Model       Library
  ------------------------------------------------
  LBP                tsmc13_wl10           slow

  Point                                    Incr       Path
  -----------------------------------------------------------
  clock clk (rise edge)                    0.00       0.00
  clock network delay (ideal)              0.50       0.50
  input external delay                     5.00       5.50 f
  gray_ready (in)                          0.01       5.51 f
  U335/Y (NAND4X1)                         0.15       5.67 r
  U222/Y (OAI211X1)                        0.45       6.11 f
  U296/Y (NAND2X1)                         0.33       6.45 r
  U269/Y (BUFX4)                           0.48       6.93 r
  U337/Y (NOR2BX1)                         0.21       7.14 f
  U273/Y (NAND4BBXL)                       0.56       7.69 r
  U295/Y (INVX3)                           0.56       8.25 f
  U221/Y (NOR2X2)                          0.68       8.93 r
  U281/Y (OR2X1)                           0.80       9.73 r
  U344/Y (OAI2BB2XL)                       0.31      10.04 f
  x_reg[1]/D (DFFRX1)                      0.00      10.04 f
  data arrival time                                  10.04

  clock clk (rise edge)                   10.00      10.00
  clock network delay (ideal)              0.50      10.50
  clock uncertainty                       -0.10      10.40
  x_reg[1]/CK (DFFRX1)                     0.00      10.40 r
  library setup time                      -0.27      10.13
  data required time                                 10.13
  -----------------------------------------------------------
  data required time                                 10.13
  data arrival time                                 -10.04
  -----------------------------------------------------------
  slack (MET)                                         0.10


1
